2019-06-27 10:57:28,329 INFO notifyConnectTimeout:200

2019-06-27 10:57:28,338 INFO notifySocketTimeout:8000

2019-06-27 10:57:28,342 INFO isHealthCheck:true

2019-06-27 10:57:28,342 INFO maxHealthCheckFailCount:12

2019-06-27 10:57:28,342 INFO maxContent:10485760

2019-06-27 10:57:29,571 INFO Schema 'NACOS' already exists.

2019-06-27 10:57:29,679 INFO Table/View 'CONFIG_INFO' already exists in Schema 'NACOS'.

2019-06-27 10:57:29,785 INFO Table/View 'HIS_CONFIG_INFO' already exists in Schema 'NACOS'.

2019-06-27 10:57:29,829 INFO Table/View 'CONFIG_INFO_BETA' already exists in Schema 'NACOS'.

2019-06-27 10:57:29,852 INFO Table/View 'CONFIG_INFO_TAG' already exists in Schema 'NACOS'.

2019-06-27 10:57:29,886 INFO Table/View 'CONFIG_INFO_AGGR' already exists in Schema 'NACOS'.

2019-06-27 10:57:29,929 INFO Table/View 'APP_LIST' already exists in Schema 'NACOS'.

2019-06-27 10:57:29,965 INFO Table/View 'APP_CONFIGDATA_RELATION_SUBS' already exists in Schema 'NACOS'.

2019-06-27 10:57:29,988 INFO Table/View 'APP_CONFIGDATA_RELATION_PUBS' already exists in Schema 'NACOS'.

2019-06-27 10:57:30,017 INFO Table/View 'CONFIG_TAGS_RELATION' already exists in Schema 'NACOS'.

2019-06-27 10:57:30,050 INFO Table/View 'GROUP_CAPACITY' already exists in Schema 'NACOS'.

2019-06-27 10:57:30,075 INFO Table/View 'TENANT_CAPACITY' already exists in Schema 'NACOS'.

2019-06-27 10:57:30,097 INFO Table/View 'TENANT_INFO' already exists in Schema 'NACOS'.

2019-06-27 10:57:30,127 INFO Table/View 'USERS' already exists in Schema 'NACOS'.

2019-06-27 10:57:30,147 INFO Table/View 'ROLES' already exists in Schema 'NACOS'.

2019-06-27 10:57:30,302 INFO The statement was aborted because it would have caused a duplicate key value in a unique or primary key constraint or unique index identified by 'SQL190624111653110' defined on 'USERS'.

2019-06-27 10:57:31,581 INFO ServerListService address-server port:8848

2019-06-27 10:57:31,581 INFO ADDRESS_SERVER_URL:http://jmenv.tbsite.net:8080/nacos/serverlist

2019-06-27 10:57:31,588 WARN [serverlist] updated to [192.168.49.190]

2019-06-27 10:57:31,886 WARN DumpService start

2019-06-27 10:57:31,907 INFO start clear all config-info.

2019-06-27 10:57:31,925 WARN clear all config-info failed.

2019-06-27 10:57:31,928 WARN clear all config-info-tenant failed.

2019-06-27 10:57:32,432 INFO [all-dump] 2 / 2

2019-06-27 10:57:32,433 INFO start clear all config-info-beta.

2019-06-27 10:57:32,434 WARN clear all config-info-beta failed.

2019-06-27 10:57:32,435 WARN clear all config-info-beta-tenant failed.

2019-06-27 10:57:32,482 INFO start clear all config-info-tag.

2019-06-27 10:57:32,484 WARN clear all config-info-tag failed.

2019-06-27 10:57:32,485 WARN clear all config-info-tag-tenant failed.

