2019-06-27 10:57:20,635 INFO Starting Nacos v1.0.1 on TJGX-PF1NJ2P1 with PID 25428 (C:\Users\GW00178573\Desktop\书籍\work\nacos\target\nacos-server.jar started by GW00178573 in C:\Users\GW00178573\Desktop\书籍\work\nacos\bin)

2019-06-27 10:57:20,648 INFO The following profiles are active: standalone

2019-06-27 10:57:24,468 INFO Bean 'org.springframework.security.config.annotation.configuration.ObjectPostProcessorConfiguration' of type [org.springframework.security.config.annotation.configuration.ObjectPostProcessorConfiguration$$EnhancerBySpringCGLIB$$df463442] is not eligible for getting processed by all BeanPostProcessors (for example: not eligible for auto-proxying)

2019-06-27 10:57:24,665 INFO Bean 'objectPostProcessor' of type [org.springframework.security.config.annotation.configuration.AutowireBeanFactoryObjectPostProcessor] is not eligible for getting processed by all BeanPostProcessors (for example: not eligible for auto-proxying)

2019-06-27 10:57:24,672 INFO Bean 'org.springframework.security.access.expression.method.DefaultMethodSecurityExpressionHandler@69e153c5' of type [org.springframework.security.access.expression.method.DefaultMethodSecurityExpressionHandler] is not eligible for getting processed by all BeanPostProcessors (for example: not eligible for auto-proxying)

2019-06-27 10:57:24,677 INFO Bean 'org.springframework.security.config.annotation.method.configuration.GlobalMethodSecurityConfiguration' of type [org.springframework.security.config.annotation.method.configuration.GlobalMethodSecurityConfiguration$$EnhancerBySpringCGLIB$$41ad6f4] is not eligible for getting processed by all BeanPostProcessors (for example: not eligible for auto-proxying)

2019-06-27 10:57:24,685 INFO Bean 'methodSecurityMetadataSource' of type [org.springframework.security.access.method.DelegatingMethodSecurityMetadataSource] is not eligible for getting processed by all BeanPostProcessors (for example: not eligible for auto-proxying)

2019-06-27 10:57:26,219 INFO Tomcat initialized with port(s): 8848 (http)

2019-06-27 10:57:26,263 INFO Starting service [Tomcat]

2019-06-27 10:57:26,264 INFO Starting Servlet Engine: Apache Tomcat/9.0.13

2019-06-27 10:57:26,293 INFO The APR based Apache Tomcat Native library which allows optimal performance in production environments was not found on the java.library.path: [D:\Tool\Java\jdk1.8.0_112\bin;C:\WINDOWS\Sun\Java\bin;C:\WINDOWS\system32;C:\WINDOWS;C:\Program Files (x86)\NetSarang\Xftp 6\;C:\WINDOWS\system32;D:\Tool\Java\jdk1.8.0_112\bin;C:\WINDOWS;C:\WINDOWS\System32\Wbem;C:\WINDOWS\System32\WindowsPowerShell\v1.0\;C:\WINDOWS\System32\OpenSSH\;C:\Program Files\Intel\WiFi\bin\;C:\Program Files\Common Files\Intel\WirelessCommon\;D:\ProgramFiles\svn\bin;D:\Tool\Java\jdk1.8.0_112\bin;C:\Users\GW00178573\AppData\Local\Microsoft\WindowsApps;c:\program files\esafenet\cobra docguard client;D:\ProgramFiles\IntelliJ IDEA 2019.1.1\bin;;D:\Tool\apache-maven-3.6.1\bin;C:\WINDOWS\system32;;.]

2019-06-27 10:57:26,580 INFO Initializing Spring embedded WebApplicationContext

2019-06-27 10:57:26,580 INFO Root WebApplicationContext: initialization completed in 5747 ms

2019-06-27 10:57:32,565 INFO Use Mysql as the driver

2019-06-27 10:57:33,874 INFO Initializing ExecutorService 'applicationTaskExecutor'

2019-06-27 10:57:34,607 INFO Adding welcome page: class path resource [static/index.html]

2019-06-27 10:57:35,855 INFO Creating filter chain: Ant [pattern='/'], []

2019-06-27 10:57:35,856 INFO Creating filter chain: Ant [pattern='/**/*.css'], []

2019-06-27 10:57:35,856 INFO Creating filter chain: Ant [pattern='/**/*.js'], []

2019-06-27 10:57:35,857 INFO Creating filter chain: Ant [pattern='/**/*.html'], []

2019-06-27 10:57:35,857 INFO Creating filter chain: Ant [pattern='/**/*.map'], []

2019-06-27 10:57:35,858 INFO Creating filter chain: Ant [pattern='/**/*.svg'], []

2019-06-27 10:57:35,858 INFO Creating filter chain: Ant [pattern='/**/*.png'], []

2019-06-27 10:57:35,858 INFO Creating filter chain: Ant [pattern='/**/*.ico'], []

2019-06-27 10:57:35,858 INFO Creating filter chain: Ant [pattern='/console-fe/public/**'], []

2019-06-27 10:57:35,859 INFO Creating filter chain: Ant [pattern='/v1/auth/login'], []

2019-06-27 10:57:35,859 INFO Creating filter chain: Ant [pattern='/v1/console/health/**'], []

2019-06-27 10:57:35,859 INFO Creating filter chain: Ant [pattern='/v1/cs/**'], []

2019-06-27 10:57:35,860 INFO Creating filter chain: Ant [pattern='/v1/ns/**'], []

2019-06-27 10:57:35,860 INFO Creating filter chain: Ant [pattern='/v1/cmdb/**'], []

2019-06-27 10:57:35,860 INFO Creating filter chain: Ant [pattern='/actuator/**'], []

2019-06-27 10:57:35,860 INFO Creating filter chain: Ant [pattern='/v1/console/server/**'], []

2019-06-27 10:57:35,935 INFO Creating filter chain: any request, [org.springframework.security.web.context.request.async.WebAsyncManagerIntegrationFilter@6b44435b, org.springframework.security.web.context.SecurityContextPersistenceFilter@312ab28e, org.springframework.security.web.header.HeaderWriterFilter@758a34ce, org.springframework.security.web.authentication.logout.LogoutFilter@11981797, com.alibaba.nacos.console.filter.JwtAuthenticationTokenFilter@2ccca26f, org.springframework.security.web.savedrequest.RequestCacheAwareFilter@246f8b8b, org.springframework.security.web.servletapi.SecurityContextHolderAwareRequestFilter@3381b4fc, org.springframework.security.web.authentication.AnonymousAuthenticationFilter@66b7550d, org.springframework.security.web.session.SessionManagementFilter@bff34c6, org.springframework.security.web.access.ExceptionTranslationFilter@5c153b9e, org.springframework.security.web.access.intercept.FilterSecurityInterceptor@2a2c13a8]

2019-06-27 10:57:36,029 INFO Exposing 2 endpoint(s) beneath base path '/actuator'

2019-06-27 10:57:36,093 INFO Initializing ExecutorService 'taskScheduler'

2019-06-27 10:57:36,750 INFO Tomcat started on port(s): 8848 (http) with context path '/nacos'

2019-06-27 10:57:36,763 INFO Started Nacos in 18.942 seconds (JVM running for 20.415)

2019-06-27 10:57:36,764 INFO Nacos Log files: C:\Users\GW00178573\Desktop\书籍\work\nacos/logs/

2019-06-27 10:57:36,764 INFO Nacos Conf files: C:\Users\GW00178573\Desktop\书籍\work\nacos/conf/

2019-06-27 10:57:36,764 INFO Nacos Data files: C:\Users\GW00178573\Desktop\书籍\work\nacos/data/

2019-06-27 10:57:36,765 INFO Nacos started successfully in stand alone mode.

2019-06-27 10:57:41,792 INFO Initializing Spring DispatcherServlet 'dispatcherServlet'

2019-06-27 10:57:41,793 INFO Initializing Servlet 'dispatcherServlet'

2019-06-27 10:57:41,806 INFO Completed initialization in 13 ms

2019-06-27 11:07:31,738 INFO [capacityManagement] start correct usage

2019-06-27 11:07:31,805 INFO [capacityManagement] end correct usage, cost: 0s

2019-06-27 11:07:32,555 WARN clearConfigHistory start

2019-06-27 11:17:31,805 INFO [capacityManagement] start correct usage

2019-06-27 11:17:31,807 INFO [capacityManagement] end correct usage, cost: 0s

2019-06-27 11:17:32,593 WARN clearConfigHistory start

2019-06-27 11:27:31,808 INFO [capacityManagement] start correct usage

2019-06-27 11:27:31,808 INFO [capacityManagement] end correct usage, cost: 0s

2019-06-27 11:27:32,595 WARN clearConfigHistory start

2019-06-27 11:37:31,809 INFO [capacityManagement] start correct usage

2019-06-27 11:37:31,810 INFO [capacityManagement] end correct usage, cost: 0s

2019-06-27 11:37:32,597 WARN clearConfigHistory start

2019-06-27 11:38:32,593 INFO Expired JWT token.

2019-06-27 11:38:34,244 ERROR Responding with unauthorized error. Message - Full authentication is required to access this resource

2019-06-27 11:47:31,811 INFO [capacityManagement] start correct usage

2019-06-27 11:47:31,828 INFO [capacityManagement] end correct usage, cost: 0s

