2019-06-27 10:57:26,977 INFO [NACOS-PUSH] clientMap size: 0

2019-06-27 10:57:46,990 INFO [NACOS-PUSH] clientMap size: 0

2019-06-27 10:58:06,992 INFO [NACOS-PUSH] clientMap size: 0

2019-06-27 10:58:26,993 INFO [NACOS-PUSH] clientMap size: 0

2019-06-27 10:58:47,003 INFO [NACOS-PUSH] clientMap size: 0

2019-06-27 10:58:51,511 INFO DEFAULT_GROUP@@blade-admin is changed, add it to push queue.

2019-06-27 10:58:51,527 INFO serviceName: DEFAULT_GROUP@@blade-admin changed, schedule push for: 192.168.49.190:50401, agent: Nacos-Java-Client:v1.0.0, key: 192.168.49.190,50401,272856203282662

2019-06-27 10:58:51,527 INFO send udp packet: 192.168.49.190,50401,272856203282662

2019-06-27 10:58:51,964 INFO received ack: {"type": "push-ack", "lastRefTime":"272856203282662", "data":""} from: 192.168.49.190:, cost: 50401 ms, unacked: 437, total push: 0

2019-06-27 10:59:07,049 INFO [NACOS-PUSH] clientMap size: 1

2019-06-27 10:59:27,052 INFO [NACOS-PUSH] clientMap size: 2

2019-06-27 10:59:27,855 INFO DEFAULT_GROUP@@blade-log is changed, add it to push queue.

2019-06-27 10:59:47,061 INFO [NACOS-PUSH] clientMap size: 2

2019-06-27 10:59:58,163 INFO DEFAULT_GROUP@@blade-desk is changed, add it to push queue.

2019-06-27 11:00:04,231 INFO DEFAULT_GROUP@@blade-system is changed, add it to push queue.

2019-06-27 11:00:07,068 INFO [NACOS-PUSH] clientMap size: 8

2019-06-27 11:00:16,178 INFO DEFAULT_GROUP@@blade-user is changed, add it to push queue.

2019-06-27 11:00:27,071 INFO [NACOS-PUSH] clientMap size: 22

2019-06-27 11:00:29,231 INFO DEFAULT_GROUP@@blade-resource is changed, add it to push queue.

2019-06-27 11:00:29,236 INFO serviceName: DEFAULT_GROUP@@blade-resource changed, schedule push for: 192.168.49.190:60111, agent: Nacos-Java-Client:v1.0.0, key: 192.168.49.190,60111,272953901457915

2019-06-27 11:00:29,242 INFO send udp packet: 192.168.49.190,60111,272953901457915

2019-06-27 11:00:29,390 INFO received ack: {"type": "push-ack", "lastRefTime":"272953901457915", "data":""} from: 192.168.49.190:, cost: 60111 ms, unacked: 148, total push: 0

2019-06-27 11:00:32,251 INFO DEFAULT_GROUP@@blade-develop is changed, add it to push queue.

2019-06-27 11:00:47,074 INFO [NACOS-PUSH] clientMap size: 38

2019-06-27 11:01:07,077 INFO [NACOS-PUSH] clientMap size: 49

2019-06-27 11:01:27,078 INFO [NACOS-PUSH] clientMap size: 49

2019-06-27 11:01:47,079 INFO [NACOS-PUSH] clientMap size: 49

2019-06-27 11:02:07,082 INFO [NACOS-PUSH] clientMap size: 49

2019-06-27 11:02:27,083 INFO [NACOS-PUSH] clientMap size: 49

2019-06-27 11:02:47,085 INFO [NACOS-PUSH] clientMap size: 49

2019-06-27 11:03:07,088 INFO [NACOS-PUSH] clientMap size: 49

2019-06-27 11:03:27,089 INFO [NACOS-PUSH] clientMap size: 49

2019-06-27 11:03:47,092 INFO [NACOS-PUSH] clientMap size: 49

2019-06-27 11:04:07,093 INFO [NACOS-PUSH] clientMap size: 49

2019-06-27 11:04:27,100 INFO [NACOS-PUSH] clientMap size: 49

2019-06-27 11:04:47,101 INFO [NACOS-PUSH] clientMap size: 49

2019-06-27 11:05:07,102 INFO [NACOS-PUSH] clientMap size: 49

2019-06-27 11:05:27,104 INFO [NACOS-PUSH] clientMap size: 49

2019-06-27 11:05:47,106 INFO [NACOS-PUSH] clientMap size: 49

2019-06-27 11:06:07,109 INFO [NACOS-PUSH] clientMap size: 49

2019-06-27 11:06:27,110 INFO [NACOS-PUSH] clientMap size: 49

2019-06-27 11:06:47,112 INFO [NACOS-PUSH] clientMap size: 49

2019-06-27 11:07:07,114 INFO [NACOS-PUSH] clientMap size: 49

2019-06-27 11:07:27,115 INFO [NACOS-PUSH] clientMap size: 49

2019-06-27 11:07:47,117 INFO [NACOS-PUSH] clientMap size: 46

2019-06-27 11:08:07,118 INFO [NACOS-PUSH] clientMap size: 49

2019-06-27 11:08:27,119 INFO [NACOS-PUSH] clientMap size: 48

2019-06-27 11:08:47,120 INFO [NACOS-PUSH] clientMap size: 48

2019-06-27 11:09:07,122 INFO [NACOS-PUSH] clientMap size: 48

2019-06-27 11:09:27,126 INFO [NACOS-PUSH] clientMap size: 49

2019-06-27 11:09:47,128 INFO [NACOS-PUSH] clientMap size: 49

2019-06-27 11:10:07,129 INFO [NACOS-PUSH] clientMap size: 49

2019-06-27 11:10:27,132 INFO [NACOS-PUSH] clientMap size: 49

2019-06-27 11:10:47,133 INFO [NACOS-PUSH] clientMap size: 49

2019-06-27 11:11:07,135 INFO [NACOS-PUSH] clientMap size: 48

2019-06-27 11:11:27,139 INFO [NACOS-PUSH] clientMap size: 49

2019-06-27 11:11:47,139 INFO [NACOS-PUSH] clientMap size: 48

2019-06-27 11:12:07,142 INFO [NACOS-PUSH] clientMap size: 49

2019-06-27 11:12:27,144 INFO [NACOS-PUSH] clientMap size: 49

2019-06-27 11:12:47,146 INFO [NACOS-PUSH] clientMap size: 49

2019-06-27 11:13:07,148 INFO [NACOS-PUSH] clientMap size: 49

2019-06-27 11:13:27,150 INFO [NACOS-PUSH] clientMap size: 49

2019-06-27 11:13:47,152 INFO [NACOS-PUSH] clientMap size: 49

2019-06-27 11:14:07,153 INFO [NACOS-PUSH] clientMap size: 49

2019-06-27 11:14:27,155 INFO [NACOS-PUSH] clientMap size: 49

2019-06-27 11:14:47,157 INFO [NACOS-PUSH] clientMap size: 49

2019-06-27 11:15:07,159 INFO [NACOS-PUSH] clientMap size: 49

2019-06-27 11:15:27,161 INFO [NACOS-PUSH] clientMap size: 49

2019-06-27 11:15:47,164 INFO [NACOS-PUSH] clientMap size: 49

2019-06-27 11:16:07,165 INFO [NACOS-PUSH] clientMap size: 49

2019-06-27 11:16:27,167 INFO [NACOS-PUSH] clientMap size: 49

2019-06-27 11:16:47,169 INFO [NACOS-PUSH] clientMap size: 49

2019-06-27 11:17:07,171 INFO [NACOS-PUSH] clientMap size: 49

2019-06-27 11:17:27,173 INFO [NACOS-PUSH] clientMap size: 49

2019-06-27 11:17:47,175 INFO [NACOS-PUSH] clientMap size: 49

2019-06-27 11:18:07,177 INFO [NACOS-PUSH] clientMap size: 49

2019-06-27 11:18:27,180 INFO [NACOS-PUSH] clientMap size: 49

2019-06-27 11:18:47,183 INFO [NACOS-PUSH] clientMap size: 49

2019-06-27 11:19:07,183 INFO [NACOS-PUSH] clientMap size: 49

2019-06-27 11:19:27,186 INFO [NACOS-PUSH] clientMap size: 49

2019-06-27 11:19:47,188 INFO [NACOS-PUSH] clientMap size: 49

2019-06-27 11:20:07,191 INFO [NACOS-PUSH] clientMap size: 49

2019-06-27 11:20:27,192 INFO [NACOS-PUSH] clientMap size: 49

2019-06-27 11:20:47,194 INFO [NACOS-PUSH] clientMap size: 49

2019-06-27 11:21:07,195 INFO [NACOS-PUSH] clientMap size: 49

2019-06-27 11:21:27,197 INFO [NACOS-PUSH] clientMap size: 49

2019-06-27 11:21:47,198 INFO [NACOS-PUSH] clientMap size: 49

2019-06-27 11:22:07,201 INFO [NACOS-PUSH] clientMap size: 49

2019-06-27 11:22:27,202 INFO [NACOS-PUSH] clientMap size: 49

2019-06-27 11:22:47,205 INFO [NACOS-PUSH] clientMap size: 49

2019-06-27 11:23:07,208 INFO [NACOS-PUSH] clientMap size: 49

2019-06-27 11:23:27,211 INFO [NACOS-PUSH] clientMap size: 49

2019-06-27 11:23:47,213 INFO [NACOS-PUSH] clientMap size: 49

2019-06-27 11:24:07,215 INFO [NACOS-PUSH] clientMap size: 49

2019-06-27 11:24:27,218 INFO [NACOS-PUSH] clientMap size: 49

2019-06-27 11:24:47,221 INFO [NACOS-PUSH] clientMap size: 49

2019-06-27 11:25:07,224 INFO [NACOS-PUSH] clientMap size: 49

2019-06-27 11:25:27,227 INFO [NACOS-PUSH] clientMap size: 49

2019-06-27 11:25:47,229 INFO [NACOS-PUSH] clientMap size: 49

2019-06-27 11:26:07,234 INFO [NACOS-PUSH] clientMap size: 48

2019-06-27 11:26:27,236 INFO [NACOS-PUSH] clientMap size: 49

2019-06-27 11:26:47,238 INFO [NACOS-PUSH] clientMap size: 49

2019-06-27 11:27:07,241 INFO [NACOS-PUSH] clientMap size: 49

2019-06-27 11:27:27,241 INFO [NACOS-PUSH] clientMap size: 49

2019-06-27 11:27:47,244 INFO [NACOS-PUSH] clientMap size: 49

2019-06-27 11:28:07,245 INFO [NACOS-PUSH] clientMap size: 49

2019-06-27 11:28:27,247 INFO [NACOS-PUSH] clientMap size: 49

2019-06-27 11:28:47,249 INFO [NACOS-PUSH] clientMap size: 49

2019-06-27 11:29:07,251 INFO [NACOS-PUSH] clientMap size: 49

2019-06-27 11:29:27,253 INFO [NACOS-PUSH] clientMap size: 49

2019-06-27 11:29:47,255 INFO [NACOS-PUSH] clientMap size: 49

2019-06-27 11:30:07,256 INFO [NACOS-PUSH] clientMap size: 48

2019-06-27 11:30:27,258 INFO [NACOS-PUSH] clientMap size: 49

2019-06-27 11:30:47,260 INFO [NACOS-PUSH] clientMap size: 49

2019-06-27 11:31:07,262 INFO [NACOS-PUSH] clientMap size: 49

2019-06-27 11:31:27,262 INFO [NACOS-PUSH] clientMap size: 49

2019-06-27 11:31:47,264 INFO [NACOS-PUSH] clientMap size: 49

2019-06-27 11:32:07,265 INFO [NACOS-PUSH] clientMap size: 49

2019-06-27 11:32:27,269 INFO [NACOS-PUSH] clientMap size: 49

2019-06-27 11:32:47,271 INFO [NACOS-PUSH] clientMap size: 49

2019-06-27 11:33:07,273 INFO [NACOS-PUSH] clientMap size: 49

2019-06-27 11:33:27,274 INFO [NACOS-PUSH] clientMap size: 48

2019-06-27 11:33:47,276 INFO [NACOS-PUSH] clientMap size: 49

2019-06-27 11:34:07,277 INFO [NACOS-PUSH] clientMap size: 49

2019-06-27 11:34:27,279 INFO [NACOS-PUSH] clientMap size: 49

2019-06-27 11:34:47,281 INFO [NACOS-PUSH] clientMap size: 49

2019-06-27 11:35:07,282 INFO [NACOS-PUSH] clientMap size: 49

2019-06-27 11:35:27,283 INFO [NACOS-PUSH] clientMap size: 49

2019-06-27 11:35:47,285 INFO [NACOS-PUSH] clientMap size: 49

2019-06-27 11:36:07,286 INFO [NACOS-PUSH] clientMap size: 49

2019-06-27 11:36:27,288 INFO [NACOS-PUSH] clientMap size: 49

2019-06-27 11:36:47,290 INFO [NACOS-PUSH] clientMap size: 48

2019-06-27 11:37:07,291 INFO [NACOS-PUSH] clientMap size: 49

2019-06-27 11:37:27,292 INFO [NACOS-PUSH] clientMap size: 49

2019-06-27 11:37:47,294 INFO [NACOS-PUSH] clientMap size: 49

2019-06-27 11:38:07,296 INFO [NACOS-PUSH] clientMap size: 49

2019-06-27 11:38:27,298 INFO [NACOS-PUSH] clientMap size: 49

2019-06-27 11:38:47,302 INFO [NACOS-PUSH] clientMap size: 49

2019-06-27 11:39:07,303 INFO [NACOS-PUSH] clientMap size: 49

2019-06-27 11:39:27,306 INFO [NACOS-PUSH] clientMap size: 49

2019-06-27 11:39:47,310 INFO [NACOS-PUSH] clientMap size: 49

2019-06-27 11:40:07,320 INFO [NACOS-PUSH] clientMap size: 49

2019-06-27 11:40:27,322 INFO [NACOS-PUSH] clientMap size: 49

2019-06-27 11:40:47,338 INFO [NACOS-PUSH] clientMap size: 49

2019-06-27 11:41:07,348 INFO [NACOS-PUSH] clientMap size: 49

2019-06-27 11:41:27,349 INFO [NACOS-PUSH] clientMap size: 49

2019-06-27 11:41:47,352 INFO [NACOS-PUSH] clientMap size: 49

2019-06-27 11:42:07,354 INFO [NACOS-PUSH] clientMap size: 49

2019-06-27 11:42:27,355 INFO [NACOS-PUSH] clientMap size: 49

2019-06-27 11:42:47,357 INFO [NACOS-PUSH] clientMap size: 49

2019-06-27 11:43:07,359 INFO [NACOS-PUSH] clientMap size: 49

2019-06-27 11:43:27,361 INFO [NACOS-PUSH] clientMap size: 49

2019-06-27 11:43:47,362 INFO [NACOS-PUSH] clientMap size: 49

2019-06-27 11:44:07,363 INFO [NACOS-PUSH] clientMap size: 49

2019-06-27 11:44:27,365 INFO [NACOS-PUSH] clientMap size: 49

2019-06-27 11:44:39,543 INFO DEFAULT_GROUP@@blade-gateway is changed, add it to push queue.

2019-06-27 11:44:39,546 INFO serviceName: DEFAULT_GROUP@@blade-gateway changed, schedule push for: 192.168.49.190:62254, agent: Nacos-Java-Client:v1.0.0, key: 192.168.49.190,62254,275604218043284

2019-06-27 11:44:39,546 INFO send udp packet: 192.168.49.190,62254,275604218043284

2019-06-27 11:44:39,562 INFO received ack: {"type": "push-ack", "lastRefTime":"275604218043284", "data":""} from: 192.168.49.190:, cost: 62254 ms, unacked: 16, total push: 0

2019-06-27 11:44:47,368 INFO [NACOS-PUSH] clientMap size: 58

2019-06-27 11:45:07,372 INFO [NACOS-PUSH] clientMap size: 64

2019-06-27 11:45:27,373 INFO [NACOS-PUSH] clientMap size: 64

2019-06-27 11:45:47,374 INFO [NACOS-PUSH] clientMap size: 64

2019-06-27 11:46:07,376 INFO [NACOS-PUSH] clientMap size: 64

2019-06-27 11:46:27,378 INFO [NACOS-PUSH] clientMap size: 64

2019-06-27 11:46:47,380 INFO [NACOS-PUSH] clientMap size: 59

2019-06-27 11:47:07,382 INFO [NACOS-PUSH] clientMap size: 64

2019-06-27 11:47:27,383 INFO [NACOS-PUSH] clientMap size: 64

2019-06-27 11:47:47,385 INFO [NACOS-PUSH] clientMap size: 64

2019-06-27 11:48:07,386 INFO [NACOS-PUSH] clientMap size: 64

2019-06-27 11:48:27,387 INFO [NACOS-PUSH] clientMap size: 63

2019-06-27 11:48:47,388 INFO [NACOS-PUSH] clientMap size: 64

2019-06-27 11:49:07,390 INFO [NACOS-PUSH] clientMap size: 64

2019-06-27 11:49:27,391 INFO [NACOS-PUSH] clientMap size: 64

2019-06-27 11:49:47,394 INFO [NACOS-PUSH] clientMap size: 64

2019-06-27 11:50:07,395 INFO [NACOS-PUSH] clientMap size: 64

2019-06-27 11:50:27,397 INFO [NACOS-PUSH] clientMap size: 63

2019-06-27 11:50:47,399 INFO [NACOS-PUSH] clientMap size: 64

2019-06-27 11:51:07,401 INFO [NACOS-PUSH] clientMap size: 64

2019-06-27 11:51:27,402 INFO [NACOS-PUSH] clientMap size: 64

2019-06-27 11:51:47,404 INFO [NACOS-PUSH] clientMap size: 64

2019-06-27 11:52:07,405 INFO [NACOS-PUSH] clientMap size: 64

2019-06-27 11:52:27,407 INFO [NACOS-PUSH] clientMap size: 64

2019-06-27 11:52:47,408 INFO [NACOS-PUSH] clientMap size: 64

2019-06-27 11:53:07,410 INFO [NACOS-PUSH] clientMap size: 64

2019-06-27 11:53:27,411 INFO [NACOS-PUSH] clientMap size: 64

2019-06-27 11:53:47,427 INFO [NACOS-PUSH] clientMap size: 64

